<?xml version="1.0" encoding="utf-8" standalone="no"?>
<test-results xmlns:xsi="http://www.w3.org/2001/XMLSchema-instance" xsi:noNamespaceSchemaLocation="nunit_schema_2.5.xsd" name="Pester" total="0" errors="0" failures="0" not-run="0" inconclusive="0" ignored="0" skipped="0" invalid="0" date="2016-11-21" time="21:40:05">
  <environment user="Expert" machine-name="DC1" cwd="C:\expertslive\Demo6 - Testing your code\ExpertsModule" user-domain="EXPERTSLIVE" platform="Microsoft Windows Server 2012 R2 Datacenter|C:\Windows|\Device\Harddisk0\Partition1" nunit-version="2.5.8.0" os-version="6.3.9600" clr-version="4.0.30319.42000" />
  <culture-info current-culture="en-US" current-uiculture="en-US" />
  <test-suite type="Powershell" name="Pester" executed="True" result="Success" success="True" time="0" asserts="0">
    <results />
  </test-suite>
</test-results>