<?xml version="1.0" encoding="utf-8" standalone="no"?>
<test-results xmlns:xsi="http://www.w3.org/2001/XMLSchema-instance" xsi:noNamespaceSchemaLocation="nunit_schema_2.5.xsd" name="Pester" total="6" errors="0" failures="0" not-run="0" inconclusive="0" ignored="0" skipped="0" invalid="0" date="2016-11-21" time="21:35:25">
  <environment user="Expert" machine-name="DC1" cwd="C:\expertslive\Demo6 - Testing your code\ExpertsModule" user-domain="EXPERTSLIVE" platform="Microsoft Windows Server 2012 R2 Datacenter|C:\Windows|\Device\Harddisk0\Partition1" nunit-version="2.5.8.0" os-version="6.3.9600" clr-version="4.0.30319.42000" />
  <culture-info current-culture="en-US" current-uiculture="en-US" />
  <test-suite type="Powershell" name="Pester" executed="True" result="Success" success="True" time="0.6119" asserts="0">
    <results>
      <test-suite type="TestFixture" name="New-Password" executed="True" result="Success" success="True" time="0.6119" asserts="0" description="New-Password">
        <results>
          <test-case description="runs without errors" name="New-Password.runs without errors" time="0.1219" asserts="0" success="True" result="Success" executed="True" />
          <test-case description="Should generate a unique password" name="New-Password.Should generate a unique password" time="0.0663" asserts="0" success="True" result="Success" executed="True" />
          <test-case description="Should generate a 24 character password" name="New-Password.Should generate a 24 character password" time="0.2199" asserts="0" success="True" result="Success" executed="True" />
          <test-case description="Password starts with letter A" name="New-Password.Password starts with letter A" time="0.0493" asserts="0" success="True" result="Success" executed="True" />
          <test-case description="Generates 4 passwords" name="New-Password.Generates 4 passwords" time="0.0875" asserts="0" success="True" result="Success" executed="True" />
          <test-case description="The password only contains the characters xyz123!@#" name="New-Password.The password only contains the characters xyz123!@#" time="0.067" asserts="0" success="True" result="Success" executed="True" />
        </results>
      </test-suite>
    </results>
  </test-suite>
</test-results>